# JRE version: OpenJDK Runtime Environment (11.0.2+9) (build 11.0.2+9)
# Java VM: OpenJDK 64-Bit Server VM (11.0.2+9, mixed mode, tiered, compressed oops, g1 gc, windows-amd64)
Heap:
 garbage-first heap   total 157696K, used 121811K [0x0000000740000000, 0x0000000800000000)
  region size 1024K, 36 young (36864K), 4 survivors (4096K)
 Metaspace       used 85188K, capacity 87182K, committed 87376K, reserved 1124352K
  class space    used 11622K, capacity 12542K, committed 12544K, reserved 1048576K
GC Heap History (10 events):
Event: 189.437 GC heap before
{Heap before GC invocations=40 (full 1):
 garbage-first heap   total 156672K, used 147495K [0x0000000740000000, 0x0000000800000000)
  region size 1024K, 60 young (61440K), 4 survivors (4096K)
 Metaspace       used 84717K, capacity 86715K, committed 86864K, reserved 1124352K
  class space    used 11571K, capacity 12446K, committed 12544K, reserved 1048576K
}
Event: 189.441 GC heap after
{Heap after GC invocations=41 (full 1):
 garbage-first heap   total 157696K, used 90355K [0x0000000740000000, 0x0000000800000000)
  region size 1024K, 5 young (5120K), 5 survivors (5120K)
 Metaspace       used 84717K, capacity 86715K, committed 86864K, reserved 1124352K
  class space    used 11571K, capacity 12446K, committed 12544K, reserved 1048576K
}
Event: 287.877 GC heap before
{Heap before GC invocations=42 (full 1):
 garbage-first heap   total 157696K, used 146675K [0x0000000740000000, 0x0000000800000000)
  region size 1024K, 60 young (61440K), 5 survivors (5120K)
 Metaspace       used 84817K, capacity 86779K, committed 87120K, reserved 1124352K
  class space    used 11576K, capacity 12446K, committed 12544K, reserved 1048576K
}
Event: 287.884 GC heap after
{Heap after GC invocations=43 (full 1):
 garbage-first heap   total 157696K, used 90215K [0x0000000740000000, 0x0000000800000000)
  region size 1024K, 4 young (4096K), 4 survivors (4096K)
 Metaspace       used 84817K, capacity 86779K, committed 87120K, reserved 1124352K
  class space    used 11576K, capacity 12446K, committed 12544K, reserved 1048576K
}
Event: 345.151 GC heap before
{Heap before GC invocations=43 (full 1):
 garbage-first heap   total 157696K, used 147559K [0x0000000740000000, 0x0000000800000000)
  region size 1024K, 60 young (61440K), 4 survivors (4096K)
 Metaspace       used 84900K, capacity 86875K, committed 87120K, reserved 1124352K
  class space    used 11584K, capacity 12478K, committed 12544K, reserved 1048576K
}
Event: 345.154 GC heap after
{Heap after GC invocations=44 (full 1):
 garbage-first heap   total 157696K, used 90269K [0x0000000740000000, 0x0000000800000000)
  region size 1024K, 5 young (5120K), 5 survivors (5120K)
 Metaspace       used 84900K, capacity 86875K, committed 87120K, reserved 1124352K
  class space    used 11584K, capacity 12478K, committed 12544K, reserved 1048576K
}
Event: 345.543 GC heap before
{Heap before GC invocations=45 (full 1):
 garbage-first heap   total 157696K, used 146589K [0x0000000740000000, 0x0000000800000000)
  region size 1024K, 60 young (61440K), 5 survivors (5120K)
 Metaspace       used 84902K, capacity 86875K, committed 87120K, reserved 1124352K
  class space    used 11584K, capacity 12478K, committed 12544K, reserved 1048576K
}
Event: 345.545 GC heap after
{Heap after GC invocations=46 (full 1):
 garbage-first heap   total 157696K, used 89874K [0x0000000740000000, 0x0000000800000000)
  region size 1024K, 4 young (4096K), 4 survivors (4096K)
 Metaspace       used 84902K, capacity 86875K, committed 87120K, reserved 1124352K
  class space    used 11584K, capacity 12478K, committed 12544K, reserved 1048576K
}
Event: 345.745 GC heap before
{Heap before GC invocations=46 (full 1):
 garbage-first heap   total 157696K, used 147218K [0x0000000740000000, 0x0000000800000000)
  region size 1024K, 60 young (61440K), 4 survivors (4096K)
 Metaspace       used 84905K, capacity 86875K, committed 87120K, reserved 1124352K
  class space    used 11584K, capacity 12478K, committed 12544K, reserved 1048576K
}
Event: 345.749 GC heap after
{Heap after GC invocations=47 (full 1):
 garbage-first heap   total 157696K, used 90067K [0x0000000740000000, 0x0000000800000000)
  region size 1024K, 4 young (4096K), 4 survivors (4096K)
 Metaspace       used 84905K, capacity 86875K, committed 87120K, reserved 1124352K
  class space    used 11584K, capacity 12478K, committed 12544K, reserved 1048576K
}

